<?xml version="1.0" encoding="UTF-8"?>
<!-- Generated by org.testng.reporters.JUnitReportReporter -->
<testsuite hostname="DESKTOP-K5CV664" failures="0" tests="1" name="com.flipkart.webpagetest.LoginTest" time="1.647" errors="0" timestamp="2025-03-30T14:46:44 IST" skipped="0">
  <testcase classname="com.flipkart.webpagetest.LoginTest" name="tesValiidlogin" time="1.647"/>
  <system-out/>
</testsuite> <!-- com.flipkart.webpagetest.LoginTest -->
