<?xml version="1.0" encoding="UTF-8"?>
<!-- Generated by org.testng.reporters.JUnitReportReporter -->
<testsuite hostname="DESKTOP-K5CV664" failures="0" tests="1" name="com.allseleniumcode.refreshBackForwad" time="25.358" errors="0" timestamp="2024-07-27T18:01:14 IST" skipped="0">
  <testcase classname="com.allseleniumcode.refreshBackForwad" name="SignIn" time="25.358"/>
  <system-out/>
</testsuite> <!-- com.allseleniumcode.refreshBackForwad -->
