<?xml version="1.0" encoding="UTF-8"?>
<!-- Generated by org.testng.reporters.JUnitReportReporter -->
<testsuite hostname="DESKTOP-K5CV664" failures="0" tests="1" name="second.PathAndQueryparam" time="4.366" errors="0" timestamp="2024-03-02T23:26:01 IST" skipped="0">
  <testcase classname="second.PathAndQueryparam" name="QueryandPathparam" time="4.366"/>
  <system-out/>
</testsuite> <!-- second.PathAndQueryparam -->
