<?xml version="1.0" encoding="UTF-8"?>
<!-- Generated by org.testng.reporters.JUnitReportReporter -->
<testsuite hostname="DESKTOP-K5CV664" failures="0" tests="1" name="third.HeadersDemo" time="6.568" errors="0" timestamp="2024-03-03T17:47:03 IST" skipped="0">
  <testcase classname="third.HeadersDemo" name="getHeaders" time="6.568"/>
  <system-out/>
</testsuite> <!-- third.HeadersDemo -->
