<?xml version="1.0" encoding="UTF-8"?>
<!-- Generated by org.testng.reporters.JUnitReportReporter -->
<testsuite hostname="DESKTOP-K5CV664" failures="0" tests="2" name="day1" time="0.023" errors="0" timestamp="2024-01-10T22:45:28 IST" skipped="0">
  <testcase classname="day1" name="DemoTest2" time="0.021"/>
  <system-out/>
  <testcase classname="day1" name="DemoTest" time="0.002"/>
  <system-out/>
</testsuite> <!-- day1 -->
